23:13:26.028 [main] INFO lt.verbus.AppMaven06 - New account opened: IBAN: LT384062513388536666 for Petras Petraitis
23:13:26.030 [main] INFO lt.verbus.AppMaven06 - New account opened: IBAN: LT639277010312045178 for Jonas Jonaitis
23:13:26.030 [main] INFO lt.verbus.AppMaven06 - Looking for Petras Petraitis bank account...
23:13:26.031 [main] INFO lt.verbus.AppMaven06 - 120.0 EUR successfully added to account No. LT384062513388536666
23:13:26.031 [main] INFO lt.verbus.AppMaven06 - Looking for Petras Petraitis bank account...
23:13:26.031 [main] INFO lt.verbus.AppMaven06 - 30.0 EUR successfully added to account No. LT384062513388536666
23:13:26.031 [main] INFO lt.verbus.AppMaven06 - Looking for Jonas Jonaitis bank account...
23:13:26.031 [main] INFO lt.verbus.AppMaven06 - 47.3 EUR successfully added to account No. LT639277010312045178
23:13:26.032 [main] INFO lt.verbus.AppMaven06 - ----------- LISTING ALL ACTIVE BANK ACCOUNTS ---------
23:13:26.032 [main] INFO lt.verbus.AppMaven06 - 

BANK ACCOUNT DATA: 
Account holder: Jonas Jonaitis
Account number: LT639277010312045178
Current balance: 47.3 EUR
23:13:26.032 [main] INFO lt.verbus.AppMaven06 - 

BANK ACCOUNT DATA: 
Account holder: Petras Petraitis
Account number: LT384062513388536666
Current balance: 150.0 EUR
23:13:55.495 [main] INFO lt.verbus.AppMaven06 - New account opened: IBAN: LT592311483925480515 for Petras Petraitis
23:13:55.497 [main] INFO lt.verbus.AppMaven06 - New account opened: IBAN: LT574005746519713502 for Jonas Jonaitis
23:13:55.497 [main] INFO lt.verbus.AppMaven06 - Looking for Petras Petraitis bank account...
23:13:55.497 [main] INFO lt.verbus.AppMaven06 - 120.0 EUR successfully added to account No. LT592311483925480515
23:13:55.498 [main] INFO lt.verbus.AppMaven06 - Looking for Petras Petraitis bank account...
23:13:55.498 [main] INFO lt.verbus.AppMaven06 - 30.0 EUR successfully added to account No. LT592311483925480515
23:13:55.498 [main] INFO lt.verbus.AppMaven06 - Looking for Jonas Jonaitis bank account...
23:13:55.498 [main] INFO lt.verbus.AppMaven06 - 47.3 EUR successfully added to account No. LT574005746519713502
23:13:55.498 [main] INFO lt.verbus.AppMaven06 - ----------- LISTING ALL ACTIVE BANK ACCOUNTS ---------
23:13:55.498 [main] INFO lt.verbus.AppMaven06 - 
BANK ACCOUNT DATA: 
Account holder: Jonas Jonaitis
Account number: LT574005746519713502
Current balance: 47.3 EUR

23:13:55.499 [main] INFO lt.verbus.AppMaven06 - 
BANK ACCOUNT DATA: 
Account holder: Petras Petraitis
Account number: LT592311483925480515
Current balance: 150.0 EUR

23:34:49.799 [main] INFO lt.verbus.AppMaven06 - New account opened: IBAN: LT833707565739629011 for Petras Petraitis
23:34:49.802 [main] INFO lt.verbus.AppMaven06 - New account opened: IBAN: LT937727106127952630 for Jonas Jonaitis
23:34:49.803 [main] INFO lt.verbus.AppMaven06 - Looking for Petras Petraitis bank account...
23:34:49.804 [main] INFO lt.verbus.AppMaven06 - 120.0 EUR successfully added to account No. LT833707565739629011
23:34:49.804 [main] INFO lt.verbus.AppMaven06 - Looking for Petras Petraitis bank account...
23:34:49.804 [main] INFO lt.verbus.AppMaven06 - 30.0 EUR successfully added to account No. LT833707565739629011
23:34:49.804 [main] INFO lt.verbus.AppMaven06 - Looking for Jonas Jonaitis bank account...
23:34:49.804 [main] INFO lt.verbus.AppMaven06 - 47.3 EUR successfully added to account No. LT937727106127952630
23:34:49.805 [main] INFO lt.verbus.AppMaven06 - ----------- LISTING ALL ACTIVE BANK ACCOUNTS ---------
23:34:49.805 [main] INFO lt.verbus.AppMaven06 - 

BANK ACCOUNT DATA: 
Account holder: Jonas Jonaitis
Account number: LT937727106127952630
Current balance: 47.3 EUR

23:34:49.805 [main] INFO lt.verbus.AppMaven06 - 

BANK ACCOUNT DATA: 
Account holder: Petras Petraitis
Account number: LT833707565739629011
Current balance: 150.0 EUR

23:43:07.535 [main] INFO lt.verbus.AppMaven06 - New account opened: IBAN: LT282337546561532944 for Petras Petraitis
23:43:07.537 [main] INFO lt.verbus.AppMaven06 - New account opened: IBAN: LT517099450804144988 for Jonas Jonaitis
23:43:07.537 [main] INFO lt.verbus.AppMaven06 - Looking for Petras Petraitis bank account...
23:43:07.538 [main] INFO lt.verbus.AppMaven06 - 120.0 EUR successfully added to account No. LT282337546561532944
23:43:07.538 [main] INFO lt.verbus.AppMaven06 - Looking for Petras Petraitis bank account...
23:43:07.538 [main] INFO lt.verbus.AppMaven06 - 30.0 EUR successfully added to account No. LT282337546561532944
23:43:07.538 [main] INFO lt.verbus.AppMaven06 - Looking for Antanas Antanaitis bank account...
23:44:08.655 [main] INFO lt.verbus.AppMaven06 - New account opened: IBAN: LT389209790392976626 for Petras Petraitis
23:44:08.657 [main] INFO lt.verbus.AppMaven06 - New account opened: IBAN: LT473927824928898025 for Jonas Jonaitis
23:44:08.658 [main] INFO lt.verbus.AppMaven06 - Looking for Petras Petraitis bank account...
23:44:08.658 [main] INFO lt.verbus.AppMaven06 - 120.0 EUR successfully added to account No. LT389209790392976626
23:44:08.658 [main] INFO lt.verbus.AppMaven06 - Looking for Petras Petraitis bank account...
23:44:08.658 [main] INFO lt.verbus.AppMaven06 - 30.0 EUR successfully added to account No. LT389209790392976626
23:44:08.659 [main] INFO lt.verbus.AppMaven06 - Looking for Antanas Antanaitis bank account...
23:45:21.498 [main] INFO lt.verbus.AppMaven06 - New account opened: IBAN: LT379045677646698492 for Petras Petraitis
23:45:21.501 [main] INFO lt.verbus.AppMaven06 - New account opened: IBAN: LT049292113463617077 for Jonas Jonaitis
23:45:21.501 [main] INFO lt.verbus.AppMaven06 - Looking for Petras Petraitis bank account...
23:45:21.502 [main] INFO lt.verbus.AppMaven06 - 120.0 EUR successfully added to account No. LT379045677646698492
23:45:21.502 [main] INFO lt.verbus.AppMaven06 - Looking for Petras Petraitis bank account...
23:45:21.503 [main] INFO lt.verbus.AppMaven06 - 30.0 EUR successfully added to account No. LT379045677646698492
23:45:21.503 [main] INFO lt.verbus.AppMaven06 - Looking for Antanas Antanaitis bank account...
23:46:43.481 [main] INFO lt.verbus.AppMaven06 - New account opened: IBAN: LT848720777604549058 for Petras Petraitis
23:46:43.484 [main] INFO lt.verbus.AppMaven06 - New account opened: IBAN: LT602294616721554398 for Jonas Jonaitis
23:46:43.484 [main] INFO lt.verbus.AppMaven06 - Looking for Petras Petraitis bank account...
23:46:43.485 [main] INFO lt.verbus.AppMaven06 - 120.0 EUR successfully added to account No. LT848720777604549058
23:46:43.485 [main] INFO lt.verbus.AppMaven06 - Looking for Petras Petraitis bank account...
23:46:43.485 [main] INFO lt.verbus.AppMaven06 - 30.0 EUR successfully added to account No. LT848720777604549058
23:46:43.485 [main] INFO lt.verbus.AppMaven06 - Looking for Antanas Antanaitis bank account...
23:46:43.487 [main] INFO lt.verbus.AppMaven06 - Requested operation could not be completed, no such person in bank's database!
23:46:43.487 [main] INFO lt.verbus.AppMaven06 - ----------- LISTING ALL ACTIVE BANK ACCOUNTS ---------
23:46:43.487 [main] INFO lt.verbus.AppMaven06 - 

BANK ACCOUNT DATA: 
Account holder: Jonas Jonaitis
Account number: LT602294616721554398
Current balance: 0.0 EUR

23:46:43.487 [main] INFO lt.verbus.AppMaven06 - 

BANK ACCOUNT DATA: 
Account holder: Petras Petraitis
Account number: LT848720777604549058
Current balance: 150.0 EUR

23:47:22.455 [main] INFO lt.verbus.AppMaven06 - New account opened: IBAN: LT490623404411877838 for Petras Petraitis
23:47:22.457 [main] INFO lt.verbus.AppMaven06 - New account opened: IBAN: LT752119392613208224 for Jonas Jonaitis
23:47:22.457 [main] INFO lt.verbus.AppMaven06 - Looking for Petras Petraitis bank account...
23:47:22.458 [main] INFO lt.verbus.AppMaven06 - 120.0 EUR successfully added to account No. LT490623404411877838
23:47:22.458 [main] INFO lt.verbus.AppMaven06 - Looking for Petras Petraitis bank account...
23:47:22.458 [main] INFO lt.verbus.AppMaven06 - 30.0 EUR successfully added to account No. LT490623404411877838
23:47:22.458 [main] INFO lt.verbus.AppMaven06 - Looking for Antanas Antanaitis bank account...
23:47:22.459 [main] ERRORlt.verbus.AppMaven06 - Requested operation could not be completed, no such person in bank's database!
23:47:22.459 [main] INFO lt.verbus.AppMaven06 - ----------- LISTING ALL ACTIVE BANK ACCOUNTS ---------
23:47:22.459 [main] INFO lt.verbus.AppMaven06 - 

BANK ACCOUNT DATA: 
Account holder: Jonas Jonaitis
Account number: LT752119392613208224
Current balance: 0.0 EUR

23:47:22.459 [main] INFO lt.verbus.AppMaven06 - 

BANK ACCOUNT DATA: 
Account holder: Petras Petraitis
Account number: LT490623404411877838
Current balance: 150.0 EUR

23:50:48.159 [main] INFO lt.verbus.AppMaven06 - New account opened: IBAN: LT706289882151659758 for Petras Petraitis
23:50:48.161 [main] INFO lt.verbus.AppMaven06 - New account opened: IBAN: LT090152882188236617 for Jonas Jonaitis
23:50:48.161 [main] INFO lt.verbus.AppMaven06 - Looking for Petras Petraitis bank account...
23:50:48.162 [main] INFO lt.verbus.AppMaven06 - 120.0 EUR successfully added to account No. LT706289882151659758
23:50:48.162 [main] INFO lt.verbus.AppMaven06 - Looking for Petras Petraitis bank account...
23:50:48.162 [main] INFO lt.verbus.AppMaven06 - 30.0 EUR successfully added to account No. LT706289882151659758
23:50:48.162 [main] INFO lt.verbus.AppMaven06 - Looking for Antanas Antanaitis bank account...
23:50:48.163 [main] ERRORlt.verbus.AppMaven06 - Requested operation could not be completed, no such person in bank's database!
23:50:48.163 [main] INFO lt.verbus.AppMaven06 - Looking for Jonas Jonaitis bank account...
23:50:48.163 [main] INFO lt.verbus.AppMaven06 - 50.0 EUR successfully added to account No. LT090152882188236617
23:50:48.163 [main] INFO lt.verbus.AppMaven06 - Petras Petraitis requested for money transfer operation to Jonas Jonaitis for 27.3 DKK...
23:50:48.163 [main] ERRORlt.verbus.AppMaven06 - The requested operation could not be completed. Insufficient funds (150.0 EUR)!
23:50:48.163 [main] INFO lt.verbus.AppMaven06 - ----------- LISTING ALL ACTIVE BANK ACCOUNTS ---------
23:50:48.164 [main] INFO lt.verbus.AppMaven06 - 

BANK ACCOUNT DATA: 
Account holder: Jonas Jonaitis
Account number: LT090152882188236617
Current balance: 50.0 EUR

23:50:48.164 [main] INFO lt.verbus.AppMaven06 - 

BANK ACCOUNT DATA: 
Account holder: Petras Petraitis
Account number: LT706289882151659758
Current balance: 150.0 EUR

23:52:13.695 [main] INFO lt.verbus.AppMaven06 - New account opened: IBAN: LT121689064409636760 for Petras Petraitis
23:52:13.697 [main] INFO lt.verbus.AppMaven06 - New account opened: IBAN: LT270524002910548288 for Jonas Jonaitis
23:52:13.698 [main] INFO lt.verbus.AppMaven06 - Looking for Petras Petraitis bank account...
23:52:13.699 [main] INFO lt.verbus.AppMaven06 - 120.0 EUR successfully added to account No. LT121689064409636760
23:52:13.699 [main] INFO lt.verbus.AppMaven06 - Looking for Petras Petraitis bank account...
23:52:13.699 [main] INFO lt.verbus.AppMaven06 - 30.0 EUR successfully added to account No. LT121689064409636760
23:52:13.699 [main] INFO lt.verbus.AppMaven06 - Looking for Antanas Antanaitis bank account...
23:52:13.700 [main] ERRORlt.verbus.AppMaven06 - Requested operation could not be completed, no such person in bank's database!
23:52:13.700 [main] INFO lt.verbus.AppMaven06 - Looking for Jonas Jonaitis bank account...
23:52:13.700 [main] INFO lt.verbus.AppMaven06 - 50.0 EUR successfully added to account No. LT270524002910548288
23:52:13.700 [main] INFO lt.verbus.AppMaven06 - Petras Petraitis requested for money transfer operation to Jonas Jonaitis for 27.3 DKK...
23:52:13.700 [main] INFO lt.verbus.AppMaven06 - 3.6693548387096775 EUR successfully withdrawn...
23:52:13.701 [main] INFO lt.verbus.AppMaven06 - 3.6693548387096775 EUR successfully transfered.
23:52:13.701 [main] INFO lt.verbus.AppMaven06 - ----------- LISTING ALL ACTIVE BANK ACCOUNTS ---------
23:52:13.701 [main] INFO lt.verbus.AppMaven06 - 

BANK ACCOUNT DATA: 
Account holder: Jonas Jonaitis
Account number: LT270524002910548288
Current balance: 53.66935483870968 EUR

23:52:13.701 [main] INFO lt.verbus.AppMaven06 - 

BANK ACCOUNT DATA: 
Account holder: Petras Petraitis
Account number: LT121689064409636760
Current balance: 146.33064516129033 EUR

23:53:18.296 [main] INFO lt.verbus.AppMaven06 - New account opened: IBAN: LT677025066192379119 for Petras Petraitis
23:53:18.298 [main] INFO lt.verbus.AppMaven06 - New account opened: IBAN: LT121109170046647209 for Jonas Jonaitis
23:53:18.299 [main] INFO lt.verbus.AppMaven06 - Looking for Petras Petraitis bank account...
23:53:18.299 [main] INFO lt.verbus.AppMaven06 - 120.0 EUR successfully added to account No. LT677025066192379119
23:53:18.299 [main] INFO lt.verbus.AppMaven06 - Looking for Petras Petraitis bank account...
23:53:18.299 [main] INFO lt.verbus.AppMaven06 - 30.0 EUR successfully added to account No. LT677025066192379119
23:53:18.299 [main] INFO lt.verbus.AppMaven06 - Looking for Antanas Antanaitis bank account...
23:53:18.300 [main] ERRORlt.verbus.AppMaven06 - Requested operation could not be completed, no such person in bank's database!
23:53:18.300 [main] INFO lt.verbus.AppMaven06 - Looking for Jonas Jonaitis bank account...
23:53:18.300 [main] INFO lt.verbus.AppMaven06 - 50.0 USD successfully added to account No. LT121109170046647209
23:53:18.300 [main] INFO lt.verbus.AppMaven06 - Petras Petraitis requested for money transfer operation to Jonas Jonaitis for 27.3 DKK...
23:53:18.300 [main] INFO lt.verbus.AppMaven06 - 3.6693548387096775 EUR successfully withdrawn...
23:53:18.300 [main] INFO lt.verbus.AppMaven06 - 4.366532258064516 USD successfully transfered.
23:53:18.301 [main] INFO lt.verbus.AppMaven06 - ----------- LISTING ALL ACTIVE BANK ACCOUNTS ---------
23:53:18.301 [main] INFO lt.verbus.AppMaven06 - 

BANK ACCOUNT DATA: 
Account holder: Jonas Jonaitis
Account number: LT121109170046647209
Current balance: 53.08349146110057 USD

23:53:18.301 [main] INFO lt.verbus.AppMaven06 - 

BANK ACCOUNT DATA: 
Account holder: Petras Petraitis
Account number: LT677025066192379119
Current balance: 146.33064516129033 EUR

